INFO:root:Started for /Users/lordvile/Documents/CODE/TESTING RN/Eye tracking/dataset/forward/0045_2m_30P_-10V_15H.jpg
INFO:root:Done for /Users/lordvile/Documents/CODE/TESTING RN/Eye tracking/dataset/forward/0045_2m_30P_-10V_15H.jpg
INFO:root:Started for /Users/lordvile/Documents/CODE/TESTING RN/Eye tracking/dataset/forward/0014_2m_30P_-10V_15H.jpg
INFO:root:Done for /Users/lordvile/Documents/CODE/TESTING RN/Eye tracking/dataset/forward/0014_2m_30P_-10V_15H.jpg
INFO:root:Started for /Users/lordvile/Documents/CODE/TESTING RN/Eye tracking/dataset/forward/0029_2m_15P_10V_15H.jpg
INFO:root:Done for /Users/lordvile/Documents/CODE/TESTING RN/Eye tracking/dataset/forward/0029_2m_15P_10V_15H.jpg
INFO:root:Started for /Users/lordvile/Documents/CODE/TESTING RN/Eye tracking/dataset/forward/0026_2m_0P_0V_-10H.jpg
INFO:root:Done for /Users/lordvile/Documents/CODE/TESTING RN/Eye tracking/dataset/forward/0026_2m_0P_0V_-10H.jpg
INFO:root:Started for /Users/lordvile/Documents/CODE/TESTING RN/Eye tracking/dataset/forward/0040_2m_15P_0V_-5H.jpg
INFO:root:Done for /Users/lordvile/Documents/CODE/TESTING RN/Eye tracking/dataset/forward/0040_2m_15P_0V_-5H.jpg
INFO:root:Started for /Users/lordvile/Documents/CODE/TESTING RN/Eye tracking/dataset/forward/0027_2m_0P_0V_5H.jpg
INFO:root:Done for /Users/lordvile/Documents/CODE/TESTING RN/Eye tracking/dataset/forward/0027_2m_0P_0V_5H.jpg
INFO:root:Started for /Users/lordvile/Documents/CODE/TESTING RN/Eye tracking/dataset/forward/0034_2m_15P_-10V_0H.jpg
INFO:root:Done for /Users/lordvile/Documents/CODE/TESTING RN/Eye tracking/dataset/forward/0034_2m_15P_-10V_0H.jpg
INFO:root:Started for /Users/lordvile/Documents/CODE/TESTING RN/Eye tracking/dataset/forward/0021_2m_15P_0V_0H.jpg
INFO:root:Done for /Users/lordvile/Documents/CODE/TESTING RN/Eye tracking/dataset/forward/0021_2m_15P_0V_0H.jpg
INFO:root:Started for /Users/lordvile/Documents/CODE/TESTING RN/Eye tracking/dataset/forward/0040_2m_30P_0V_10H.jpg
INFO:root:Done for /Users/lordvile/Documents/CODE/TESTING RN/Eye tracking/dataset/forward/0040_2m_30P_0V_10H.jpg
INFO:root:Started for /Users/lordvile/Documents/CODE/TESTING RN/Eye tracking/dataset/forward/0013_2m_-15P_10V_-15H.jpg
INFO:root:Done for /Users/lordvile/Documents/CODE/TESTING RN/Eye tracking/dataset/forward/0013_2m_-15P_10V_-15H.jpg
INFO:root:Started for /Users/lordvile/Documents/CODE/TESTING RN/Eye tracking/dataset/forward/0013_2m_15P_-10V_10H.jpg
INFO:root:Done for /Users/lordvile/Documents/CODE/TESTING RN/Eye tracking/dataset/forward/0013_2m_15P_-10V_10H.jpg
INFO:root:Started for /Users/lordvile/Documents/CODE/TESTING RN/Eye tracking/dataset/forward/0047_2m_15P_10V_15H.jpg
INFO:root:Done for /Users/lordvile/Documents/CODE/TESTING RN/Eye tracking/dataset/forward/0047_2m_15P_10V_15H.jpg
INFO:root:Started for /Users/lordvile/Documents/CODE/TESTING RN/Eye tracking/dataset/forward/0015_2m_0P_10V_-5H.jpg
INFO:root:Done for /Users/lordvile/Documents/CODE/TESTING RN/Eye tracking/dataset/forward/0015_2m_0P_10V_-5H.jpg
INFO:root:Started for /Users/lordvile/Documents/CODE/TESTING RN/Eye tracking/dataset/forward/0001_2m_0P_-10V_5H.jpg
INFO:root:Done for /Users/lordvile/Documents/CODE/TESTING RN/Eye tracking/dataset/forward/0001_2m_0P_-10V_5H.jpg
INFO:root:Started for /Users/lordvile/Documents/CODE/TESTING RN/Eye tracking/dataset/forward/0007_2m_-15P_0V_-10H.jpg
INFO:root:Done for /Users/lordvile/Documents/CODE/TESTING RN/Eye tracking/dataset/forward/0007_2m_-15P_0V_-10H.jpg
INFO:root:Started for /Users/lordvile/Documents/CODE/TESTING RN/Eye tracking/dataset/forward/0055_2m_-15P_10V_-10H.jpg
INFO:root:Done for /Users/lordvile/Documents/CODE/TESTING RN/Eye tracking/dataset/forward/0055_2m_-15P_10V_-10H.jpg
INFO:root:Started for /Users/lordvile/Documents/CODE/TESTING RN/Eye tracking/dataset/forward/0027_2m_0P_-10V_0H.jpg
INFO:root:Done for /Users/lordvile/Documents/CODE/TESTING RN/Eye tracking/dataset/forward/0027_2m_0P_-10V_0H.jpg
INFO:root:Started for /Users/lordvile/Documents/CODE/TESTING RN/Eye tracking/dataset/forward/0039_2m_15P_-10V_0H.jpg
INFO:root:Done for /Users/lordvile/Documents/CODE/TESTING RN/Eye tracking/dataset/forward/0039_2m_15P_-10V_0H.jpg
INFO:root:Started for /Users/lordvile/Documents/CODE/TESTING RN/Eye tracking/dataset/forward/0053_2m_0P_10V_5H.jpg
INFO:root:Done for /Users/lordvile/Documents/CODE/TESTING RN/Eye tracking/dataset/forward/0053_2m_0P_10V_5H.jpg
INFO:root:Started for /Users/lordvile/Documents/CODE/TESTING RN/Eye tracking/dataset/forward/0030_2m_0P_10V_0H.jpg
INFO:root:Done for /Users/lordvile/Documents/CODE/TESTING RN/Eye tracking/dataset/forward/0030_2m_0P_10V_0H.jpg
INFO:root:Started for /Users/lordvile/Documents/CODE/TESTING RN/Eye tracking/dataset/forward/0056_2m_-15P_0V_-10H.jpg
INFO:root:Done for /Users/lordvile/Documents/CODE/TESTING RN/Eye tracking/dataset/forward/0056_2m_-15P_0V_-10H.jpg
INFO:root:Started for /Users/lordvile/Documents/CODE/TESTING RN/Eye tracking/dataset/forward/0024_2m_15P_10V_15H.jpg
INFO:root:Started for /Users/lordvile/Documents/CODE/TESTING RN/Eye tracking/dataset/forward/0045_2m_30P_-10V_15H.jpg
INFO:root:Done for /Users/lordvile/Documents/CODE/TESTING RN/Eye tracking/dataset/forward/0045_2m_30P_-10V_15H.jpg
INFO:root:Started for /Users/lordvile/Documents/CODE/TESTING RN/Eye tracking/dataset/forward/0014_2m_30P_-10V_15H.jpg
INFO:root:Done for /Users/lordvile/Documents/CODE/TESTING RN/Eye tracking/dataset/forward/0014_2m_30P_-10V_15H.jpg
INFO:root:Started for /Users/lordvile/Documents/CODE/TESTING RN/Eye tracking/dataset/forward/0029_2m_15P_10V_15H.jpg
INFO:root:Done for /Users/lordvile/Documents/CODE/TESTING RN/Eye tracking/dataset/forward/0029_2m_15P_10V_15H.jpg
INFO:root:Started for /Users/lordvile/Documents/CODE/TESTING RN/Eye tracking/dataset/forward/0026_2m_0P_0V_-10H.jpg
INFO:root:Done for /Users/lordvile/Documents/CODE/TESTING RN/Eye tracking/dataset/forward/0026_2m_0P_0V_-10H.jpg
INFO:root:Started for /Users/lordvile/Documents/CODE/TESTING RN/Eye tracking/dataset/forward/0040_2m_15P_0V_-5H.jpg
INFO:root:Done for /Users/lordvile/Documents/CODE/TESTING RN/Eye tracking/dataset/forward/0040_2m_15P_0V_-5H.jpg
INFO:root:Started for /Users/lordvile/Documents/CODE/TESTING RN/Eye tracking/dataset/forward/0027_2m_0P_0V_5H.jpg
INFO:root:Done for /Users/lordvile/Documents/CODE/TESTING RN/Eye tracking/dataset/forward/0027_2m_0P_0V_5H.jpg
INFO:root:Started for /Users/lordvile/Documents/CODE/TESTING RN/Eye tracking/dataset/forward/0034_2m_15P_-10V_0H.jpg
INFO:root:Done for /Users/lordvile/Documents/CODE/TESTING RN/Eye tracking/dataset/forward/0034_2m_15P_-10V_0H.jpg
INFO:root:Started for /Users/lordvile/Documents/CODE/TESTING RN/Eye tracking/dataset/forward/0021_2m_15P_0V_0H.jpg
INFO:root:Done for /Users/lordvile/Documents/CODE/TESTING RN/Eye tracking/dataset/forward/0021_2m_15P_0V_0H.jpg
INFO:root:Started for /Users/lordvile/Documents/CODE/TESTING RN/Eye tracking/dataset/forward/0040_2m_30P_0V_10H.jpg
INFO:root:Done for /Users/lordvile/Documents/CODE/TESTING RN/Eye tracking/dataset/forward/0040_2m_30P_0V_10H.jpg
INFO:root:Started for /Users/lordvile/Documents/CODE/TESTING RN/Eye tracking/dataset/forward/0013_2m_-15P_10V_-15H.jpg
INFO:root:Done for /Users/lordvile/Documents/CODE/TESTING RN/Eye tracking/dataset/forward/0013_2m_-15P_10V_-15H.jpg
INFO:root:Started for /Users/lordvile/Documents/CODE/TESTING RN/Eye tracking/dataset/forward/0013_2m_15P_-10V_10H.jpg
INFO:root:Done for /Users/lordvile/Documents/CODE/TESTING RN/Eye tracking/dataset/forward/0013_2m_15P_-10V_10H.jpg
INFO:root:Started for /Users/lordvile/Documents/CODE/TESTING RN/Eye tracking/dataset/forward/0047_2m_15P_10V_15H.jpg
INFO:root:Done for /Users/lordvile/Documents/CODE/TESTING RN/Eye tracking/dataset/forward/0047_2m_15P_10V_15H.jpg
INFO:root:Started for /Users/lordvile/Documents/CODE/TESTING RN/Eye tracking/dataset/forward/0015_2m_0P_10V_-5H.jpg
INFO:root:Done for /Users/lordvile/Documents/CODE/TESTING RN/Eye tracking/dataset/forward/0015_2m_0P_10V_-5H.jpg
INFO:root:Started for /Users/lordvile/Documents/CODE/TESTING RN/Eye tracking/dataset/forward/0001_2m_0P_-10V_5H.jpg
INFO:root:Done for /Users/lordvile/Documents/CODE/TESTING RN/Eye tracking/dataset/forward/0001_2m_0P_-10V_5H.jpg
INFO:root:Started for /Users/lordvile/Documents/CODE/TESTING RN/Eye tracking/dataset/forward/0007_2m_-15P_0V_-10H.jpg
INFO:root:Done for /Users/lordvile/Documents/CODE/TESTING RN/Eye tracking/dataset/forward/0007_2m_-15P_0V_-10H.jpg
INFO:root:Started for /Users/lordvile/Documents/CODE/TESTING RN/Eye tracking/dataset/forward/0055_2m_-15P_10V_-10H.jpg
INFO:root:Done for /Users/lordvile/Documents/CODE/TESTING RN/Eye tracking/dataset/forward/0055_2m_-15P_10V_-10H.jpg
INFO:root:Started for /Users/lordvile/Documents/CODE/TESTING RN/Eye tracking/dataset/forward/0027_2m_0P_-10V_0H.jpg
INFO:root:Done for /Users/lordvile/Documents/CODE/TESTING RN/Eye tracking/dataset/forward/0027_2m_0P_-10V_0H.jpg
INFO:root:Started for /Users/lordvile/Documents/CODE/TESTING RN/Eye tracking/dataset/forward/0039_2m_15P_-10V_0H.jpg
INFO:root:Done for /Users/lordvile/Documents/CODE/TESTING RN/Eye tracking/dataset/forward/0039_2m_15P_-10V_0H.jpg
INFO:root:Started for /Users/lordvile/Documents/CODE/TESTING RN/Eye tracking/dataset/forward/0053_2m_0P_10V_5H.jpg
INFO:root:Done for /Users/lordvile/Documents/CODE/TESTING RN/Eye tracking/dataset/forward/0053_2m_0P_10V_5H.jpg
INFO:root:Started for /Users/lordvile/Documents/CODE/TESTING RN/Eye tracking/dataset/forward/0030_2m_0P_10V_0H.jpg
INFO:root:Done for /Users/lordvile/Documents/CODE/TESTING RN/Eye tracking/dataset/forward/0030_2m_0P_10V_0H.jpg
INFO:root:Started for /Users/lordvile/Documents/CODE/TESTING RN/Eye tracking/dataset/forward/0056_2m_-15P_0V_-10H.jpg
INFO:root:Done for /Users/lordvile/Documents/CODE/TESTING RN/Eye tracking/dataset/forward/0056_2m_-15P_0V_-10H.jpg
INFO:root:Started for /Users/lordvile/Documents/CODE/TESTING RN/Eye tracking/dataset/forward/0024_2m_15P_10V_15H.jpg
INFO:root:Done for /Users/lordvile/Documents/CODE/TESTING RN/Eye tracking/dataset/forward/0024_2m_15P_10V_15H.jpg
INFO:root:Started for /Users/lordvile/Documents/CODE/TESTING RN/Eye tracking/dataset/forward/0026_2m_30P_0V_10H.jpg
INFO:root:Done for /Users/lordvile/Documents/CODE/TESTING RN/Eye tracking/dataset/forward/0026_2m_30P_0V_10H.jpg
INFO:root:Started for /Users/lordvile/Documents/CODE/TESTING RN/Eye tracking/dataset/forward/0025_2m_15P_10V_5H.jpg
INFO:root:Done for /Users/lordvile/Documents/CODE/TESTING RN/Eye tracking/dataset/forward/0025_2m_15P_10V_5H.jpg
INFO:root:Started for /Users/lordvile/Documents/CODE/TESTING RN/Eye tracking/dataset/forward/0041_2m_15P_10V_-5H.jpg
INFO:root:Done for /Users/lordvile/Documents/CODE/TESTING RN/Eye tracking/dataset/forward/0041_2m_15P_10V_-5H.jpg
INFO:root:Started for /Users/lordvile/Documents/CODE/TESTING RN/Eye tracking/dataset/forward/0041_2m_0P_-10V_0H.jpg
INFO:root:Done for /Users/lordvile/Documents/CODE/TESTING RN/Eye tracking/dataset/forward/0041_2m_0P_-10V_0H.jpg
INFO:root:Started for /Users/lordvile/Documents/CODE/TESTING RN/Eye tracking/dataset/forward/0029_2m_0P_-10V_5H.jpg
INFO:root:Started for /Users/lordvile/Documents/CODE/TESTING RN/Eye tracking/dataset/forward/0045_2m_30P_-10V_15H.jpg
INFO:root:Done for f-1
INFO:root:Started for /Users/lordvile/Documents/CODE/TESTING RN/Eye tracking/dataset/forward/0014_2m_30P_-10V_15H.jpg
INFO:root:Done for f-2
INFO:root:Started for /Users/lordvile/Documents/CODE/TESTING RN/Eye tracking/dataset/forward/0029_2m_15P_10V_15H.jpg
INFO:root:Done for f-4
INFO:root:Started for /Users/lordvile/Documents/CODE/TESTING RN/Eye tracking/dataset/forward/0026_2m_0P_0V_-10H.jpg
INFO:root:Done for f-5
INFO:root:Started for /Users/lordvile/Documents/CODE/TESTING RN/Eye tracking/dataset/forward/0040_2m_15P_0V_-5H.jpg
INFO:root:Done for f-6
INFO:root:Started for /Users/lordvile/Documents/CODE/TESTING RN/Eye tracking/dataset/forward/0027_2m_0P_0V_5H.jpg
INFO:root:Done for f-7
INFO:root:Started for /Users/lordvile/Documents/CODE/TESTING RN/Eye tracking/dataset/forward/0034_2m_15P_-10V_0H.jpg
INFO:root:Done for f-8
INFO:root:Started for /Users/lordvile/Documents/CODE/TESTING RN/Eye tracking/dataset/forward/0021_2m_15P_0V_0H.jpg
INFO:root:Done for f-9
INFO:root:Started for /Users/lordvile/Documents/CODE/TESTING RN/Eye tracking/dataset/forward/0040_2m_30P_0V_10H.jpg
INFO:root:Started for /Users/lordvile/Documents/CODE/TESTING RN/Eye tracking/dataset/forward/0045_2m_30P_-10V_15H.jpg
INFO:root:Done for f-1
INFO:root:Started for /Users/lordvile/Documents/CODE/TESTING RN/Eye tracking/dataset/forward/0014_2m_30P_-10V_15H.jpg
INFO:root:Done for f-2
INFO:root:Started for /Users/lordvile/Documents/CODE/TESTING RN/Eye tracking/dataset/forward/0029_2m_15P_10V_15H.jpg
INFO:root:Done for f-4
INFO:root:Started for /Users/lordvile/Documents/CODE/TESTING RN/Eye tracking/dataset/forward/0026_2m_0P_0V_-10H.jpg
INFO:root:Done for f-5
INFO:root:Started for /Users/lordvile/Documents/CODE/TESTING RN/Eye tracking/dataset/forward/0040_2m_15P_0V_-5H.jpg
INFO:root:Done for f-6
INFO:root:Started for /Users/lordvile/Documents/CODE/TESTING RN/Eye tracking/dataset/forward/0027_2m_0P_0V_5H.jpg
INFO:root:Done for f-7
INFO:root:Started for /Users/lordvile/Documents/CODE/TESTING RN/Eye tracking/dataset/forward/0034_2m_15P_-10V_0H.jpg
INFO:root:Done for f-8
INFO:root:Started for /Users/lordvile/Documents/CODE/TESTING RN/Eye tracking/dataset/forward/0021_2m_15P_0V_0H.jpg
INFO:root:Done for f-9
INFO:root:Started for /Users/lordvile/Documents/CODE/TESTING RN/Eye tracking/dataset/forward/0040_2m_30P_0V_10H.jpg
INFO:root:Done for f-10
INFO:root:Started for /Users/lordvile/Documents/CODE/TESTING RN/Eye tracking/dataset/forward/0013_2m_-15P_10V_-15H.jpg
INFO:root:Done for f-11
INFO:root:Started for /Users/lordvile/Documents/CODE/TESTING RN/Eye tracking/dataset/forward/0013_2m_15P_-10V_10H.jpg
INFO:root:Done for f-12
INFO:root:Started for /Users/lordvile/Documents/CODE/TESTING RN/Eye tracking/dataset/forward/0047_2m_15P_10V_15H.jpg
INFO:root:Done for f-13
INFO:root:Started for /Users/lordvile/Documents/CODE/TESTING RN/Eye tracking/dataset/forward/0015_2m_0P_10V_-5H.jpg
